SF:lib/models/receipt_item.dart
DA:12,10
DA:25,9
DA:31,9
DA:36,10
DA:41,10
DA:42,5
DA:43,5
DA:44,5
DA:45,5
DA:46,5
DA:49,14
DA:50,16
DA:51,18
DA:52,12
DA:53,4
DA:57,3
DA:58,15
DA:62,1
DA:63,1
DA:64,1
DA:65,1
DA:68,1
DA:72,2
DA:73,4
DA:74,2
DA:75,2
DA:79,2
DA:80,4
DA:81,2
DA:82,2
DA:86,3
DA:87,6
DA:88,3
DA:89,3
DA:93,28
DA:96,1
DA:97,2
DA:101,8
DA:104,4
DA:105,12
DA:107,12
DA:112,2
DA:113,4
DA:117,2
DA:119,2
DA:120,1
DA:121,2
DA:122,2
DA:123,2
DA:124,2
DA:130,3
DA:131,3
DA:132,3
DA:133,3
DA:134,3
DA:135,3
DA:136,3
DA:141,5
DA:142,5
DA:143,10
DA:144,5
DA:145,5
DA:146,11
DA:148,5
LF:64
LH:64
end_of_record
SF:lib/models/person.dart
DA:9,6
DA:14,4
DA:15,6
DA:17,12
DA:18,18
DA:19,18
DA:21,2
DA:22,4
DA:23,2
DA:24,2
DA:28,4
DA:29,8
DA:30,4
DA:33,3
DA:34,6
DA:35,3
DA:38,6
DA:39,12
DA:40,6
DA:43,2
DA:44,4
DA:45,2
DA:48,6
DA:49,42
DA:52,2
DA:53,9
DA:56,1
DA:57,3
DA:60,1
DA:61,1
DA:62,1
DA:63,5
DA:64,5
DA:68,1
DA:69,1
DA:70,1
DA:71,1
DA:72,3
DA:73,1
DA:74,1
DA:75,3
DA:76,1
LF:42
LH:42
end_of_record
SF:lib/models/receipt.dart
DA:31,4
DA:49,2
DA:50,2
DA:54,6
DA:55,2
DA:56,1
DA:60,2
DA:61,2
DA:65,2
DA:66,2
DA:70,2
DA:71,6
DA:72,8
DA:77,2
DA:78,2
DA:80,2
DA:81,2
DA:83,2
DA:84,2
DA:85,2
DA:86,2
DA:87,2
DA:89,3
DA:90,3
DA:98,3
DA:101,3
DA:105,3
DA:106,3
DA:107,3
DA:108,3
DA:109,6
DA:110,6
DA:111,3
DA:112,3
DA:113,3
DA:114,3
DA:115,3
DA:117,3
DA:118,3
DA:124,2
DA:140,2
DA:141,2
DA:142,2
DA:143,2
DA:144,2
DA:145,2
DA:146,2
DA:147,2
DA:148,1
DA:149,2
DA:150,2
DA:151,2
DA:152,2
DA:153,2
DA:154,3
DA:159,1
DA:168,1
DA:176,1
DA:181,1
DA:186,1
DA:188,2
DA:196,3
DA:199,3
DA:202,1
DA:203,1
DA:204,10
DA:208,1
DA:210,1
DA:211,2
DA:212,2
DA:213,1
DA:214,2
DA:219,1
DA:223,1
DA:224,2
DA:225,3
LF:76
LH:76
end_of_record
SF:lib/models/split_manager.dart
DA:24,5
DA:31,3
DA:32,3
DA:33,3
DA:34,5
DA:39,15
DA:40,12
DA:41,9
DA:44,2
DA:45,0
DA:46,6
DA:50,6
DA:51,2
DA:52,2
DA:53,2
DA:56,6
DA:57,1
DA:58,1
DA:59,1
DA:62,1
DA:63,2
DA:64,2
DA:65,2
DA:66,2
DA:68,1
DA:72,1
DA:73,1
DA:74,1
DA:77,3
DA:78,9
DA:79,3
DA:82,2
DA:83,4
DA:84,2
DA:87,1
DA:88,3
DA:90,2
DA:91,2
DA:92,1
DA:94,1
DA:95,4
DA:96,8
DA:98,4
DA:101,2
DA:102,4
DA:103,0
DA:105,1
DA:106,1
DA:107,1
DA:109,0
DA:110,0
DA:113,2
DA:114,1
DA:116,1
DA:119,2
DA:120,4
DA:121,4
DA:122,2
DA:126,1
DA:127,2
DA:129,2
DA:130,1
DA:132,1
DA:135,3
DA:137,11
DA:138,6
DA:140,5
DA:141,3
DA:142,1
DA:148,3
DA:149,3
DA:152,2
DA:153,2
DA:154,2
DA:157,2
DA:159,4
DA:160,4
DA:164,4
DA:165,4
DA:166,2
DA:169,2
DA:172,1
DA:173,2
DA:174,1
DA:177,2
DA:178,4
DA:180,6
DA:181,4
DA:183,4
DA:184,2
DA:188,1
DA:189,2
DA:190,1
DA:193,4
DA:196,8
DA:197,8
DA:200,24
DA:202,24
DA:206,2
DA:207,10
DA:210,3
DA:211,15
DA:215,2
DA:217,4
DA:218,2
DA:221,4
DA:222,2
DA:224,2
DA:228,1
DA:230,2
DA:231,1
DA:233,1
DA:237,3
DA:238,9
DA:242,2
DA:243,7
DA:247,1
DA:251,2
DA:252,2
DA:253,2
DA:258,2
DA:259,2
DA:260,2
DA:265,2
DA:266,2
DA:267,2
DA:268,2
DA:274,1
DA:275,1
DA:276,1
DA:283,0
DA:284,0
DA:285,0
DA:286,0
DA:290,0
DA:291,0
DA:294,0
DA:299,0
DA:303,0
DA:305,0
DA:310,0
DA:311,0
DA:313,0
DA:314,0
DA:322,0
DA:323,0
DA:328,0
DA:331,0
DA:333,0
DA:334,0
DA:337,0
DA:338,0
DA:339,0
DA:346,0
DA:350,1
DA:351,3
DA:356,3
DA:359,2
DA:361,2
DA:362,0
DA:363,2
DA:364,0
DA:367,2
DA:368,2
DA:369,1
DA:378,0
DA:379,0
DA:380,0
DA:388,3
DA:389,18
DA:393,0
DA:394,0
DA:399,0
DA:400,0
DA:401,0
DA:402,0
DA:407,0
DA:408,0
DA:409,0
DA:411,0
DA:412,0
DA:413,0
DA:419,0
DA:421,0
DA:424,0
DA:425,0
DA:430,0
DA:432,0
DA:433,0
DA:434,0
DA:438,0
DA:442,0
DA:445,0
DA:447,0
DA:449,0
DA:450,0
DA:451,0
DA:452,0
DA:453,0
DA:454,0
DA:455,0
DA:456,0
DA:459,0
DA:463,0
DA:467,1
DA:469,3
DA:470,1
DA:471,1
DA:472,3
DA:473,1
DA:474,1
DA:475,1
DA:476,1
DA:478,1
DA:480,1
DA:482,3
DA:484,1
DA:485,8
DA:486,3
DA:487,1
DA:488,1
DA:489,1
DA:490,1
DA:491,1
DA:494,1
DA:496,3
DA:497,1
DA:498,1
DA:499,1
DA:500,1
DA:502,1
DA:504,1
DA:513,3
DA:514,9
DA:517,3
DA:518,9
DA:521,3
DA:522,15
LF:238
LH:171
end_of_record
SF:lib/providers/workflow_state.dart
DA:27,2
DA:30,0
DA:32,2
DA:35,2
DA:36,8
DA:40,4
DA:41,2
DA:42,2
DA:43,0
DA:44,0
DA:45,0
DA:46,0
DA:47,0
DA:49,2
DA:50,2
DA:51,2
DA:52,2
DA:53,2
DA:54,2
DA:55,2
DA:57,2
DA:59,3
DA:60,4
DA:62,3
DA:63,4
DA:65,3
DA:66,4
DA:69,2
DA:70,4
DA:71,4
DA:72,2
DA:73,2
DA:78,1
DA:79,2
DA:80,2
DA:81,1
DA:85,1
DA:86,2
DA:87,2
DA:88,1
DA:93,1
DA:94,1
DA:95,1
DA:98,1
DA:99,1
DA:100,1
DA:103,1
DA:104,2
DA:105,2
DA:106,2
DA:107,2
DA:111,2
DA:112,1
DA:115,1
DA:116,2
DA:117,2
DA:118,2
DA:119,2
DA:123,2
DA:124,1
DA:127,1
DA:128,1
DA:129,1
DA:130,1
DA:131,1
DA:134,1
DA:135,3
DA:136,2
DA:137,4
DA:138,1
DA:141,1
DA:142,2
DA:143,4
DA:147,2
DA:148,1
DA:151,1
DA:152,2
DA:153,1
DA:154,1
DA:158,1
DA:159,2
DA:160,1
DA:161,1
DA:165,1
DA:166,1
DA:167,1
DA:170,1
DA:171,1
DA:172,1
DA:175,1
DA:176,2
DA:177,1
DA:180,1
DA:181,2
DA:182,1
DA:185,1
DA:186,2
DA:187,1
DA:190,1
DA:191,2
DA:192,1
DA:195,1
DA:196,2
DA:197,1
DA:200,1
DA:201,2
DA:202,1
DA:205,1
DA:210,1
DA:211,1
DA:212,1
DA:213,2
DA:214,2
DA:215,1
DA:216,1
DA:217,1
DA:219,1
DA:220,1
DA:221,1
DA:230,1
DA:231,2
DA:232,2
DA:233,1
DA:237,2
DA:238,1
DA:239,4
DA:240,1
DA:244,1
DA:245,1
DA:249,2
DA:250,1
DA:251,1
DA:254,1
DA:255,1
DA:256,4
DA:261,2
DA:262,2
DA:263,1
DA:268,1
DA:272,1
DA:273,2
DA:274,2
DA:275,2
DA:279,2
DA:280,1
DA:283,1
DA:284,2
DA:285,2
DA:289,2
DA:290,1
DA:293,1
DA:294,2
DA:298,2
DA:299,1
LF:154
LH:148
end_of_record
SF:lib/widgets/image_state_manager.dart
DA:14,2
DA:15,2
DA:16,2
DA:17,2
DA:18,2
DA:19,3
DA:24,1
DA:26,3
DA:27,3
DA:28,3
DA:29,4
DA:33,3
DA:34,3
DA:35,3
DA:36,4
DA:40,1
DA:41,1
DA:42,1
DA:43,1
DA:44,1
DA:46,4
DA:47,1
DA:50,1
DA:52,3
DA:53,3
DA:54,3
DA:55,4
DA:58,3
DA:59,3
DA:60,3
DA:61,4
DA:65,1
DA:66,1
DA:67,1
DA:68,1
DA:69,1
DA:71,4
DA:72,1
DA:76,1
DA:77,1
DA:78,1
DA:83,3
DA:84,1
DA:88,1
DA:89,1
DA:90,1
DA:91,1
DA:92,3
DA:93,1
DA:97,1
DA:98,1
DA:99,1
DA:100,3
DA:101,1
DA:105,1
DA:106,2
DA:107,2
DA:108,2
DA:109,1
DA:111,2
DA:115,1
DA:116,1
DA:117,2
DA:119,4
DA:120,1
DA:125,1
DA:126,3
DA:127,2
DA:128,4
DA:129,1
LF:70
LH:70
end_of_record
SF:lib/screens/receipt_upload_screen.dart
DA:21,1
DA:34,1
DA:35,1
DA:42,1
DA:44,1
DA:45,3
DA:48,1
DA:50,2
DA:57,2
DA:59,1
DA:60,3
DA:62,1
DA:63,1
DA:64,1
DA:70,1
DA:71,1
DA:72,1
DA:79,0
DA:80,0
DA:81,0
DA:82,0
DA:88,1
DA:90,2
DA:95,2
DA:97,1
DA:98,3
DA:100,1
DA:101,1
DA:102,1
DA:108,1
DA:109,1
DA:110,1
DA:117,0
DA:118,0
DA:119,0
DA:120,0
DA:126,1
DA:127,2
DA:128,4
DA:129,0
DA:130,0
DA:134,1
DA:136,2
DA:137,2
DA:140,15
DA:143,2
DA:144,5
DA:145,5
DA:153,4
DA:154,1
DA:155,2
DA:159,3
DA:160,1
DA:161,4
DA:162,2
DA:166,1
DA:168,1
DA:169,4
DA:170,2
DA:172,2
DA:173,2
DA:175,0
DA:185,0
DA:186,0
DA:187,0
DA:188,0
DA:189,0
DA:191,0
DA:194,0
DA:195,0
DA:205,0
DA:206,0
DA:207,0
DA:209,0
DA:210,0
DA:215,2
DA:218,1
DA:219,1
DA:220,1
DA:221,1
DA:222,1
DA:223,1
DA:225,1
DA:228,1
DA:229,1
DA:230,1
DA:231,1
DA:233,1
DA:235,1
DA:236,1
DA:237,1
DA:238,1
DA:239,1
DA:241,1
DA:242,1
DA:243,1
DA:244,1
DA:246,1
DA:247,1
DA:248,1
DA:249,1
DA:250,1
DA:257,1
DA:259,1
DA:260,1
DA:262,1
DA:264,1
DA:266,1
DA:268,1
DA:270,3
DA:272,0
DA:279,2
DA:280,1
DA:281,1
DA:282,1
DA:283,1
DA:285,1
DA:286,1
DA:288,1
DA:291,1
DA:294,2
DA:295,1
DA:307,1
DA:309,1
DA:311,1
DA:312,3
DA:313,1
DA:314,1
DA:316,8
DA:318,2
DA:321,1
DA:322,1
DA:323,1
DA:329,1
DA:330,1
DA:332,2
DA:335,1
DA:336,1
DA:337,1
DA:350,1
DA:351,1
DA:354,2
DA:357,1
DA:361,2
DA:362,2
DA:366,1
DA:368,1
DA:370,2
DA:371,1
DA:377,1
DA:379,1
DA:380,1
DA:384,3
DA:385,1
DA:387,1
DA:391,1
DA:395,3
DA:396,1
DA:398,1
DA:405,3
DA:408,1
DA:420,0
DA:421,0
DA:422,0
DA:423,0
DA:424,0
DA:425,0
DA:426,0
DA:428,0
DA:429,0
DA:431,0
DA:435,0
DA:437,0
DA:439,0
DA:440,0
DA:446,0
DA:447,0
DA:448,0
LF:178
LH:136
end_of_record
SF:lib/services/file_helper.dart
DA:5,1
DA:10,1
DA:11,0
DA:16,2
DA:17,3
DA:22,1
DA:23,4
DA:24,1
DA:25,3
DA:31,0
DA:37,0
DA:40,0
DA:41,0
DA:46,0
DA:49,0
DA:50,0
DA:53,0
DA:56,0
DA:57,0
DA:63,0
LF:20
LH:8
end_of_record
SF:lib/widgets/receipt_upload/full_image_viewer.dart
DA:9,1
DA:13,2
DA:15,1
DA:17,2
DA:21,1
DA:22,1
DA:23,1
DA:25,0
DA:26,0
DA:29,3
DA:30,3
DA:31,1
DA:32,1
DA:34,1
DA:35,0
DA:36,0
DA:39,2
DA:41,0
DA:45,1
DA:48,1
DA:50,1
DA:52,1
DA:53,0
DA:54,1
DA:57,1
DA:59,1
DA:63,1
DA:64,1
DA:72,1
DA:75,1
DA:77,0
DA:81,1
DA:85,1
DA:86,1
DA:88,1
DA:90,1
DA:92,1
DA:94,1
DA:97,1
DA:99,2
DA:114,0
DA:115,0
DA:117,0
DA:121,0
DA:124,0
DA:127,0
DA:130,0
DA:133,0
DA:140,1
DA:141,1
DA:142,0
DA:146,1
DA:149,2
LF:53
LH:37
end_of_record
SF:lib/env/firebase_config.dart
DA:10,0
DA:15,0
DA:19,0
LF:3
LH:0
end_of_record
SF:lib/screens/final_summary_screen.dart
DA:20,12
DA:24,1
DA:25,1
DA:35,1
DA:37,1
DA:40,2
DA:43,2
DA:44,2
DA:45,2
DA:47,4
DA:49,2
DA:50,0
DA:51,0
DA:52,0
DA:53,0
DA:54,0
DA:56,0
DA:59,0
DA:60,0
DA:61,0
DA:62,0
DA:64,0
DA:72,1
DA:75,2
DA:76,2
DA:77,1
DA:81,0
DA:83,0
DA:85,0
DA:86,0
DA:87,0
DA:88,0
DA:93,1
DA:96,2
DA:97,2
DA:98,2
DA:99,5
DA:100,1
DA:103,0
DA:107,0
DA:113,0
DA:115,0
DA:116,0
DA:119,0
DA:122,0
DA:124,0
DA:128,0
DA:129,0
DA:135,0
DA:137,0
DA:138,0
DA:139,0
DA:142,0
DA:143,0
DA:144,0
DA:145,0
DA:146,0
DA:147,0
DA:150,0
DA:151,0
DA:152,0
DA:153,0
DA:154,0
DA:155,0
DA:156,0
DA:157,0
DA:158,0
DA:159,0
DA:160,0
DA:161,0
DA:163,0
DA:164,0
DA:165,0
DA:166,0
DA:167,0
DA:168,0
DA:169,0
DA:171,0
DA:172,0
DA:173,0
DA:175,0
DA:176,0
DA:177,0
DA:179,0
DA:180,0
DA:181,0
DA:182,0
DA:186,0
DA:187,0
DA:188,0
DA:189,0
DA:190,0
DA:191,0
DA:192,0
DA:196,0
DA:197,0
DA:198,0
DA:199,0
DA:200,0
DA:204,0
DA:205,0
DA:206,0
DA:207,0
DA:208,0
DA:209,0
DA:211,0
DA:212,0
DA:213,0
DA:214,0
DA:215,0
DA:216,0
DA:219,0
DA:221,0
DA:224,0
DA:230,0
DA:231,0
DA:234,0
DA:238,0
DA:240,0
DA:241,0
DA:242,0
DA:243,0
DA:244,0
DA:246,0
DA:248,0
DA:254,0
DA:256,0
DA:257,0
DA:258,0
DA:260,0
DA:263,0
DA:264,0
DA:272,0
DA:274,0
DA:277,0
DA:278,0
DA:279,0
DA:281,0
DA:286,0
DA:287,0
DA:297,1
DA:299,2
DA:300,2
DA:302,1
DA:305,4
DA:306,0
DA:307,0
DA:309,0
DA:310,0
DA:313,0
DA:314,0
DA:317,0
DA:320,0
DA:324,0
DA:326,0
DA:327,0
DA:332,0
DA:335,0
DA:336,0
DA:340,0
DA:341,0
DA:343,0
DA:347,0
DA:348,0
DA:349,0
DA:351,0
DA:352,0
DA:361,1
DA:362,1
DA:364,2
DA:365,2
DA:366,1
DA:367,1
DA:368,2
DA:372,2
DA:374,2
DA:375,3
DA:376,6
DA:377,6
DA:380,1
DA:384,2
DA:385,2
DA:389,3
DA:391,1
DA:392,1
DA:393,1
DA:397,1
DA:400,0
DA:403,0
DA:404,0
DA:405,0
DA:407,0
DA:409,0
DA:410,0
DA:412,0
DA:416,0
DA:417,0
DA:418,0
DA:419,0
DA:421,0
DA:422,0
DA:433,1
DA:435,2
DA:437,1
DA:438,1
DA:440,1
DA:442,1
DA:444,1
DA:445,1
DA:446,1
DA:447,2
DA:449,1
DA:451,2
DA:453,1
DA:461,1
DA:465,1
DA:467,1
DA:468,2
DA:470,1
DA:473,1
DA:475,1
DA:478,1
DA:479,2
DA:481,1
DA:485,2
DA:488,1
DA:492,1
DA:494,1
DA:495,2
DA:497,2
DA:506,1
DA:507,3
DA:512,1
DA:514,1
DA:515,1
DA:516,3
DA:518,2
DA:519,1
DA:528,1
DA:529,1
DA:531,1
DA:533,3
DA:534,4
DA:535,1
DA:536,0
DA:537,0
DA:539,1
DA:541,2
DA:542,2
DA:544,2
DA:546,3
DA:548,1
DA:553,1
DA:555,1
DA:559,3
DA:560,1
DA:567,1
DA:569,1
DA:570,1
DA:572,1
DA:574,1
DA:576,1
DA:577,2
DA:578,2
DA:588,1
DA:595,1
DA:597,1
DA:598,1
DA:599,2
DA:601,1
DA:602,4
DA:603,2
DA:605,1
DA:613,1
DA:616,2
DA:617,1
DA:618,2
DA:619,1
DA:621,1
DA:622,2
DA:625,1
DA:626,1
DA:633,3
DA:634,1
DA:636,1
DA:637,1
DA:638,2
DA:640,1
DA:642,2
DA:644,1
DA:651,1
DA:652,0
DA:654,0
DA:656,0
DA:658,1
DA:659,1
DA:661,1
DA:663,2
DA:665,1
DA:666,1
DA:668,1
DA:669,2
DA:673,1
DA:675,1
DA:677,1
DA:678,1
DA:679,1
DA:680,1
DA:681,2
DA:682,2
DA:686,1
DA:687,1
DA:689,1
DA:690,1
DA:692,2
DA:694,1
DA:696,3
DA:702,1
DA:704,1
DA:705,1
DA:706,1
DA:708,1
DA:709,3
DA:710,2
DA:711,1
DA:718,2
DA:722,2
DA:724,3
DA:725,1
DA:727,1
DA:728,1
DA:730,6
DA:732,6
DA:745,1
DA:751,1
DA:755,1
DA:757,1
DA:758,1
DA:760,0
DA:764,1
DA:769,1
DA:771,0
DA:775,1
DA:776,1
DA:787,1
DA:788,2
DA:789,2
DA:792,1
DA:794,1
DA:795,1
DA:797,2
DA:799,1
DA:803,2
DA:804,3
DA:808,0
DA:809,0
DA:810,0
DA:811,0
DA:812,0
DA:813,0
DA:820,1
DA:822,1
DA:825,1
DA:826,1
DA:827,1
DA:828,3
DA:829,1
DA:834,1
DA:835,2
DA:836,2
DA:841,1
DA:847,1
DA:848,2
DA:849,2
DA:850,1
DA:852,1
DA:854,1
DA:855,1
DA:857,2
DA:858,1
DA:862,1
DA:863,2
DA:864,2
DA:866,1
DA:875,1
DA:876,2
DA:877,2
DA:879,2
DA:880,1
DA:882,1
DA:884,1
DA:885,1
DA:886,1
DA:887,2
DA:888,1
DA:889,1
DA:899,0
DA:900,0
DA:901,0
DA:903,0
DA:908,0
DA:910,0
DA:911,0
DA:913,0
DA:921,0
LF:405
LH:228
end_of_record
SF:lib/widgets/split_view.dart
DA:19,0
DA:23,12
DA:27,1
DA:28,1
DA:42,1
DA:44,1
DA:48,3
DA:49,2
DA:50,1
DA:51,2
DA:52,1
DA:53,2
DA:54,1
DA:57,1
DA:60,1
DA:65,3
DA:66,3
DA:67,3
DA:70,1
DA:72,2
DA:73,2
DA:74,2
DA:75,1
DA:79,1
DA:82,1
DA:83,1
DA:84,1
DA:86,0
DA:87,0
DA:89,0
DA:90,0
DA:97,3
DA:98,1
DA:100,1
DA:101,3
DA:104,0
DA:105,0
DA:106,0
DA:113,0
DA:116,0
DA:117,0
DA:118,0
DA:120,0
DA:121,0
DA:123,0
DA:124,0
DA:130,0
DA:133,0
DA:134,0
DA:135,0
DA:136,0
DA:137,0
DA:141,0
DA:143,0
DA:144,0
DA:149,1
DA:151,1
DA:152,1
DA:153,2
DA:154,2
DA:157,5
DA:158,1
DA:159,1
DA:160,1
DA:161,1
DA:165,1
DA:168,0
DA:169,3
DA:172,2
DA:178,0
DA:180,0
DA:182,0
DA:185,0
DA:186,0
DA:187,0
DA:189,0
DA:190,0
DA:192,0
DA:193,0
DA:194,0
DA:195,0
DA:196,0
DA:200,0
DA:207,0
DA:208,0
DA:209,0
DA:210,0
DA:223,1
DA:224,1
DA:225,1
DA:227,1
DA:228,0
DA:232,1
DA:234,1
DA:235,1
DA:236,3
DA:237,1
DA:238,3
DA:241,1
DA:243,1
DA:245,1
DA:247,1
DA:248,1
DA:249,1
DA:250,1
DA:252,2
DA:256,1
DA:257,2
DA:258,2
DA:260,1
DA:266,1
DA:267,2
DA:268,0
DA:278,0
DA:279,0
DA:281,0
DA:282,0
DA:285,0
DA:287,0
DA:289,0
DA:291,0
DA:293,0
DA:295,0
DA:296,0
DA:297,0
DA:298,0
DA:307,0
DA:309,0
DA:310,0
DA:312,0
DA:314,0
DA:315,0
DA:316,0
DA:318,0
DA:325,0
DA:327,0
DA:328,0
DA:330,0
DA:332,0
DA:333,0
DA:334,0
DA:336,0
DA:343,0
DA:345,0
DA:346,0
DA:348,0
DA:350,0
DA:351,0
DA:352,0
DA:354,0
DA:360,0
DA:362,0
DA:363,0
DA:365,0
DA:366,0
DA:369,0
DA:370,0
DA:371,0
DA:373,0
DA:380,0
DA:381,0
DA:383,0
DA:385,0
DA:386,0
DA:388,0
DA:393,0
DA:394,0
DA:395,0
DA:398,0
DA:413,0
DA:416,1
DA:418,1
DA:421,1
DA:422,2
DA:423,1
DA:425,1
DA:426,1
DA:428,1
DA:429,1
DA:439,1
DA:440,1
DA:450,1
DA:451,1
DA:465,1
DA:466,1
DA:467,1
DA:468,1
DA:470,1
DA:471,1
DA:472,2
DA:476,1
DA:477,1
DA:478,2
DA:482,1
DA:483,1
DA:484,2
DA:491,1
DA:493,1
DA:494,1
DA:496,1
DA:497,1
DA:499,1
DA:501,1
DA:502,0
DA:510,1
DA:511,0
DA:518,2
DA:521,0
DA:522,0
DA:524,0
DA:526,0
DA:527,0
DA:543,1
DA:547,1
DA:550,1
DA:551,2
DA:556,1
DA:557,2
DA:558,2
DA:560,2
DA:561,0
DA:562,0
DA:564,0
DA:566,0
DA:567,0
DA:570,0
DA:573,0
DA:576,0
DA:577,0
DA:582,0
DA:585,0
DA:586,0
DA:594,1
DA:595,5
DA:600,1
DA:601,2
DA:602,2
DA:604,2
DA:605,0
DA:606,0
DA:608,0
DA:610,0
DA:611,0
DA:614,0
DA:617,0
DA:620,0
DA:621,0
DA:626,0
DA:629,0
DA:630,0
DA:638,1
DA:639,5
DA:644,1
DA:645,2
DA:646,2
DA:648,2
DA:649,0
DA:650,0
DA:652,0
DA:654,0
DA:655,0
DA:658,0
DA:661,0
DA:664,0
DA:665,0
DA:670,0
DA:673,0
DA:674,0
DA:682,1
DA:683,1
DA:684,6
DA:690,1
DA:697,2
DA:699,1
DA:700,0
DA:701,0
DA:703,0
DA:705,1
DA:707,1
DA:708,1
DA:709,1
DA:712,1
DA:714,2
DA:716,1
DA:717,1
DA:725,0
DA:726,0
DA:727,0
DA:728,0
DA:730,0
DA:732,0
DA:733,0
DA:734,0
DA:735,0
DA:740,0
DA:741,0
DA:743,0
DA:745,0
DA:748,0
DA:749,0
DA:751,0
DA:755,0
DA:756,0
DA:763,0
DA:765,0
DA:769,0
DA:771,0
DA:772,0
DA:773,0
DA:774,0
DA:775,0
DA:776,0
DA:785,0
DA:786,0
DA:787,0
DA:788,0
DA:790,0
DA:793,0
DA:794,0
DA:795,0
DA:796,0
DA:797,0
DA:798,0
DA:803,0
DA:804,0
DA:805,0
DA:813,0
DA:814,0
DA:815,0
DA:816,0
DA:817,0
DA:820,0
DA:822,0
DA:823,0
DA:824,0
DA:825,0
DA:830,0
DA:831,0
DA:832,0
DA:833,0
DA:836,0
DA:838,0
DA:840,0
DA:842,0
DA:843,0
DA:852,0
DA:854,0
DA:857,0
DA:858,0
DA:862,0
DA:863,0
DA:869,0
DA:871,0
DA:872,0
DA:873,0
DA:874,0
DA:875,0
DA:877,0
DA:878,0
DA:880,0
DA:882,0
DA:883,0
DA:884,0
DA:888,0
DA:890,0
DA:891,0
DA:902,0
DA:903,0
DA:904,0
DA:905,0
DA:907,0
DA:910,0
DA:911,0
DA:913,0
DA:914,0
DA:916,0
DA:917,0
DA:920,0
DA:926,0
DA:927,0
DA:930,0
DA:931,0
DA:936,0
DA:937,0
DA:938,0
LF:385
LH:136
end_of_record
SF:lib/widgets/final_summary/person_summary_card.dart
DA:12,1
DA:20,1
DA:22,2
DA:23,2
DA:25,2
DA:26,2
DA:29,2
DA:32,3
DA:34,1
DA:35,7
DA:36,6
DA:41,1
DA:43,1
DA:44,1
DA:45,2
DA:47,1
DA:50,1
DA:51,1
DA:52,3
DA:54,1
DA:55,1
DA:56,1
DA:57,2
DA:58,2
DA:61,1
DA:63,1
DA:64,1
DA:65,1
DA:66,2
DA:67,2
DA:72,1
DA:73,2
DA:74,2
DA:76,1
DA:81,1
DA:82,1
DA:83,1
DA:84,1
DA:86,1
DA:88,3
DA:89,3
DA:90,3
DA:91,3
DA:92,6
DA:93,0
DA:95,0
DA:97,1
DA:100,3
DA:101,3
DA:102,3
DA:103,3
DA:106,3
DA:108,6
DA:109,6
DA:110,1
DA:111,3
DA:120,1
DA:121,2
DA:122,2
DA:123,1
DA:125,1
DA:127,1
DA:128,4
DA:130,2
DA:132,3
DA:134,7
DA:135,2
DA:136,2
DA:138,2
DA:140,1
DA:142,1
DA:143,3
DA:144,3
DA:153,1
DA:154,2
DA:155,2
DA:156,1
DA:158,1
DA:160,1
DA:161,1
DA:163,2
DA:164,1
DA:168,1
DA:170,2
DA:172,1
LF:85
LH:83
end_of_record
SF:lib/utils/platform_config.dart
DA:7,0
DA:8,0
DA:18,1
DA:19,1
DA:29,0
DA:30,0
LF:6
LH:2
end_of_record
SF:lib/utils/toast_helper.dart
DA:14,2
DA:15,2
DA:16,2
DA:32,6
DA:34,2
DA:35,4
DA:39,2
DA:41,2
DA:43,2
DA:45,2
DA:46,2
DA:47,2
DA:52,2
DA:53,2
DA:65,2
DA:66,4
DA:67,2
DA:73,0
DA:77,0
DA:78,0
DA:79,0
LF:21
LH:17
end_of_record
SF:lib/widgets/workflow_modal.dart
DA:42,0
DA:49,0
DA:51,0
DA:53,0
DA:54,0
DA:56,0
DA:63,0
DA:65,0
DA:71,0
DA:72,0
DA:75,0
DA:78,0
DA:80,0
DA:84,0
DA:85,0
DA:86,0
DA:88,0
DA:89,0
DA:90,0
DA:95,0
DA:96,0
DA:97,0
DA:106,0
DA:107,0
DA:110,0
DA:113,0
DA:114,0
DA:125,0
DA:126,0
DA:129,0
DA:131,0
DA:136,0
DA:137,0
DA:139,0
DA:140,0
DA:152,12
DA:154,0
DA:155,0
DA:173,0
DA:175,0
DA:176,0
DA:179,0
DA:180,0
DA:181,0
DA:182,0
DA:183,0
DA:184,0
DA:187,0
DA:188,0
DA:189,0
DA:190,0
DA:193,0
DA:194,0
DA:195,0
DA:196,0
DA:199,0
DA:207,0
DA:209,0
DA:210,0
DA:213,0
DA:215,0
DA:216,0
DA:219,0
DA:220,0
DA:221,0
DA:222,0
DA:224,0
DA:231,0
DA:232,0
DA:235,0
DA:236,0
DA:237,0
DA:238,0
DA:240,0
DA:242,0
DA:243,0
DA:246,0
DA:248,0
DA:249,0
DA:252,0
DA:253,0
DA:257,0
DA:258,0
DA:259,0
DA:260,0
DA:262,0
DA:263,0
DA:264,0
DA:265,0
DA:266,0
DA:273,0
DA:274,0
DA:275,0
DA:277,0
DA:278,0
DA:279,0
DA:280,0
DA:281,0
DA:284,0
DA:285,0
DA:289,0
DA:294,0
DA:295,0
DA:296,0
DA:298,0
DA:299,0
DA:300,0
DA:301,0
DA:302,0
DA:305,0
DA:306,0
DA:310,0
DA:317,0
DA:318,0
DA:319,0
DA:321,0
DA:322,0
DA:325,0
DA:326,0
DA:330,0
DA:331,0
DA:334,0
DA:335,0
DA:340,0
DA:342,0
DA:344,0
DA:349,0
DA:351,0
DA:354,0
DA:355,0
DA:357,0
DA:358,0
DA:364,0
DA:365,0
DA:369,0
DA:370,0
DA:371,0
DA:372,0
DA:375,0
DA:382,0
DA:387,0
DA:390,0
DA:395,0
DA:400,0
DA:406,0
DA:407,0
DA:409,0
DA:414,0
DA:415,0
DA:417,0
DA:418,0
DA:424,0
DA:425,0
DA:429,0
DA:432,0
DA:433,0
DA:434,0
DA:435,0
DA:436,0
DA:437,0
DA:439,0
DA:446,0
DA:450,0
DA:451,0
DA:455,0
DA:464,0
DA:465,0
DA:466,0
DA:470,0
DA:471,0
DA:472,0
DA:474,0
DA:477,0
DA:480,0
DA:483,0
DA:484,0
DA:488,0
DA:489,0
DA:493,0
DA:495,0
DA:496,0
DA:500,0
DA:501,0
DA:504,0
DA:506,0
DA:507,0
DA:508,0
DA:509,0
DA:510,0
DA:511,0
DA:519,0
DA:520,0
DA:522,0
DA:532,0
DA:534,0
DA:536,0
DA:537,0
DA:538,0
DA:540,0
DA:541,0
DA:542,0
DA:548,0
DA:549,0
DA:552,0
DA:555,0
DA:556,0
DA:557,0
DA:560,0
DA:561,0
DA:564,0
DA:565,0
DA:569,0
DA:572,0
DA:573,0
DA:576,0
DA:577,0
DA:578,0
DA:579,0
DA:581,0
DA:584,0
DA:585,0
DA:592,0
DA:593,0
DA:596,0
DA:597,0
DA:598,0
DA:599,0
DA:600,0
DA:604,0
DA:605,0
DA:606,0
DA:607,0
DA:608,0
DA:610,0
DA:611,0
DA:612,0
DA:617,0
DA:619,0
DA:620,0
DA:623,0
DA:627,0
DA:630,0
DA:631,0
DA:632,0
DA:635,0
DA:636,0
DA:637,0
DA:638,0
DA:640,0
DA:641,0
DA:643,0
DA:644,0
DA:646,0
DA:647,0
DA:648,0
DA:649,0
DA:650,0
DA:655,0
DA:656,0
DA:657,0
DA:658,0
DA:659,0
DA:661,0
DA:663,0
DA:664,0
DA:665,0
DA:666,0
DA:667,0
DA:668,0
DA:669,0
DA:670,0
DA:671,0
DA:676,0
DA:677,0
DA:678,0
DA:679,0
DA:680,0
DA:683,0
DA:685,0
DA:686,0
DA:687,0
DA:688,0
DA:700,0
DA:701,0
DA:703,0
DA:705,0
DA:706,0
DA:707,0
DA:708,0
DA:709,0
DA:715,0
DA:717,0
DA:719,0
DA:720,0
DA:721,0
DA:728,0
DA:729,0
DA:730,0
DA:731,0
DA:732,0
DA:733,0
DA:738,0
DA:739,0
DA:742,0
DA:749,0
DA:750,0
DA:757,0
DA:758,0
DA:759,0
DA:760,0
DA:762,0
DA:765,0
DA:768,0
DA:772,0
DA:774,0
DA:775,0
DA:783,0
DA:784,0
DA:785,0
DA:796,0
DA:798,0
DA:801,0
DA:802,0
DA:806,0
DA:807,0
DA:808,0
DA:811,0
DA:812,0
DA:813,0
DA:816,0
DA:817,0
DA:822,0
DA:825,0
DA:826,0
DA:827,0
DA:830,0
DA:833,0
DA:836,0
DA:839,0
DA:840,0
DA:844,0
DA:848,0
DA:850,0
DA:855,0
DA:858,0
DA:859,0
DA:862,0
DA:868,0
DA:869,0
DA:870,0
DA:871,0
DA:875,0
DA:879,0
DA:886,0
DA:887,0
DA:891,0
DA:892,0
DA:896,0
DA:898,0
DA:899,0
DA:903,0
DA:907,0
DA:908,0
DA:909,0
DA:916,0
DA:917,0
DA:918,0
DA:919,0
DA:920,0
DA:923,0
DA:924,0
DA:926,0
DA:927,0
DA:928,0
DA:929,0
DA:930,0
DA:932,0
DA:933,0
DA:934,0
DA:936,0
DA:940,0
DA:942,0
DA:943,0
DA:946,0
DA:950,0
DA:953,0
DA:956,0
DA:959,0
DA:962,0
DA:966,0
DA:974,0
DA:978,0
DA:981,0
DA:982,0
DA:987,0
DA:990,0
DA:991,0
DA:994,0
DA:995,0
DA:996,0
DA:997,0
DA:1006,0
DA:1007,0
DA:1009,0
DA:1010,0
DA:1011,0
DA:1012,0
DA:1014,0
DA:1015,0
DA:1016,0
DA:1018,0
DA:1019,0
DA:1021,0
DA:1022,0
DA:1024,0
DA:1030,0
DA:1040,0
DA:1041,0
DA:1042,0
DA:1044,0
DA:1046,0
DA:1047,0
DA:1050,0
DA:1053,0
DA:1056,0
DA:1057,0
DA:1068,0
DA:1069,0
DA:1070,0
DA:1071,0
DA:1072,0
DA:1077,0
DA:1081,0
DA:1082,0
DA:1085,0
DA:1086,0
DA:1087,0
DA:1088,0
DA:1090,0
DA:1091,0
DA:1092,0
DA:1094,0
DA:1095,0
DA:1096,0
DA:1097,0
DA:1098,0
DA:1100,0
DA:1104,0
DA:1105,0
DA:1109,0
DA:1110,0
DA:1111,0
DA:1113,0
DA:1114,0
DA:1115,0
DA:1120,0
DA:1123,0
DA:1124,0
DA:1127,0
DA:1128,0
DA:1129,0
DA:1130,0
DA:1131,0
DA:1132,0
DA:1133,0
DA:1134,0
DA:1135,0
DA:1136,0
DA:1137,0
DA:1138,0
DA:1140,0
DA:1141,0
DA:1142,0
DA:1143,0
DA:1144,0
DA:1149,0
DA:1150,0
DA:1151,0
DA:1154,0
DA:1155,0
DA:1156,0
DA:1157,0
DA:1158,0
DA:1159,0
DA:1160,0
DA:1162,0
DA:1163,0
DA:1165,0
DA:1166,0
DA:1167,0
DA:1168,0
DA:1169,0
DA:1174,0
DA:1175,0
DA:1177,0
DA:1178,0
DA:1184,0
DA:1185,0
DA:1191,0
DA:1192,0
DA:1196,0
DA:1197,0
DA:1198,0
DA:1199,0
DA:1201,0
DA:1202,0
DA:1204,0
DA:1208,0
DA:1209,0
DA:1210,0
DA:1211,0
DA:1212,0
DA:1213,0
DA:1214,0
DA:1215,0
DA:1219,0
DA:1220,0
DA:1221,0
DA:1227,0
DA:1228,0
DA:1229,0
DA:1230,0
DA:1235,0
DA:1236,0
DA:1237,0
DA:1238,0
DA:1239,0
DA:1241,0
DA:1243,0
DA:1244,0
DA:1248,0
DA:1249,0
DA:1250,0
DA:1251,0
DA:1255,0
DA:1263,0
DA:1264,0
DA:1271,0
DA:1272,0
DA:1284,0
DA:1285,0
DA:1286,0
DA:1287,0
DA:1288,0
DA:1292,0
DA:1293,0
DA:1294,0
DA:1295,0
DA:1296,0
DA:1300,0
DA:1301,0
DA:1302,0
DA:1303,0
DA:1306,0
DA:1307,0
DA:1308,0
DA:1309,0
DA:1310,0
DA:1311,0
DA:1312,0
DA:1317,0
LF:561
LH:1
end_of_record
SF:lib/screens/receipt_review_screen.dart
DA:18,1
DA:26,1
DA:27,1
DA:41,1
DA:43,1
DA:45,7
DA:46,2
DA:47,2
DA:48,3
DA:51,2
DA:52,3
DA:53,2
DA:58,1
DA:60,3
DA:61,2
DA:62,1
DA:65,0
DA:66,0
DA:67,0
DA:68,0
DA:71,0
DA:72,0
DA:73,0
DA:74,0
DA:80,0
DA:81,0
DA:82,0
DA:83,0
DA:87,0
DA:90,1
DA:92,2
DA:93,4
DA:98,0
DA:99,0
DA:100,0
DA:101,0
DA:105,0
DA:106,0
DA:110,1
DA:111,2
DA:113,2
DA:114,2
DA:118,2
DA:119,4
DA:122,1
DA:123,1
DA:124,2
DA:130,1
DA:131,2
DA:133,2
DA:134,4
DA:135,4
DA:140,2
DA:141,4
DA:146,0
DA:147,0
DA:148,0
DA:149,0
DA:150,0
DA:154,0
DA:155,0
DA:158,0
DA:159,0
DA:160,0
DA:161,0
DA:166,0
DA:167,0
DA:168,0
DA:172,0
DA:173,0
DA:176,0
DA:178,0
DA:179,0
DA:180,0
DA:181,0
DA:182,0
DA:183,0
DA:184,0
DA:188,0
DA:189,0
DA:192,0
DA:194,0
DA:200,0
DA:201,0
DA:203,0
DA:204,0
DA:205,0
DA:207,0
DA:209,0
DA:210,0
DA:222,0
DA:223,0
DA:224,0
DA:225,0
DA:230,0
DA:231,0
DA:232,0
DA:233,0
DA:234,0
DA:238,0
DA:239,0
DA:243,1
DA:245,2
DA:246,2
DA:248,1
DA:249,1
DA:250,1
DA:251,1
DA:252,1
DA:253,1
DA:255,1
DA:258,1
DA:259,1
DA:265,1
DA:267,1
DA:268,1
DA:270,1
DA:271,3
DA:272,3
DA:278,1
DA:279,1
DA:280,1
DA:281,2
DA:282,1
DA:283,1
DA:284,1
DA:285,2
DA:288,1
DA:289,1
DA:290,1
DA:294,2
DA:298,2
DA:299,0
DA:301,0
DA:302,0
DA:304,0
DA:305,0
DA:306,0
DA:308,0
DA:309,0
DA:310,0
DA:317,0
DA:318,0
DA:319,0
DA:320,0
DA:321,0
DA:322,0
DA:324,0
DA:325,0
DA:326,0
DA:328,0
DA:330,0
DA:331,0
DA:332,0
DA:333,0
DA:337,0
DA:338,0
DA:339,0
DA:340,0
DA:344,0
DA:347,0
DA:348,0
DA:349,0
DA:355,0
DA:361,1
DA:365,1
DA:369,1
DA:370,1
DA:372,1
DA:374,1
DA:375,1
DA:377,1
DA:379,1
DA:381,2
DA:382,1
DA:391,1
DA:392,1
DA:394,1
DA:395,1
DA:397,1
DA:399,3
DA:400,0
DA:402,1
DA:405,1
DA:407,1
DA:409,2
DA:410,1
DA:414,1
DA:415,1
DA:416,1
DA:418,1
DA:419,1
LF:192
LH:93
end_of_record
SF:lib/widgets/receipt_review/subtotal_header.dart
DA:11,1
DA:20,1
DA:21,1
DA:23,1
DA:24,1
DA:26,1
DA:29,4
DA:30,5
DA:32,2
DA:36,5
DA:38,1
DA:40,1
DA:44,1
DA:45,3
DA:46,1
DA:48,1
DA:51,0
DA:56,0
DA:58,0
DA:59,0
DA:62,0
DA:64,0
DA:67,0
DA:68,0
DA:70,0
DA:72,0
DA:78,1
DA:81,1
DA:82,1
DA:83,1
DA:84,1
DA:86,2
DA:90,1
DA:93,3
DA:95,2
DA:100,1
DA:101,3
DA:103,3
DA:105,2
DA:114,1
DA:116,3
DA:117,3
DA:118,0
DA:119,0
DA:120,0
DA:121,0
LF:46
LH:32
end_of_record
SF:lib/widgets/receipt_review/receipt_item_card.dart
DA:11,1
DA:20,1
DA:22,2
DA:23,2
DA:25,1
DA:26,4
DA:29,1
DA:30,1
DA:31,2
DA:33,1
DA:34,5
DA:35,1
DA:36,1
DA:37,1
DA:39,1
DA:41,1
DA:43,1
DA:44,1
DA:45,1
DA:47,1
DA:48,1
DA:49,1
DA:52,1
DA:53,1
DA:54,1
DA:55,2
DA:56,2
DA:64,1
DA:67,1
DA:73,1
DA:74,4
DA:75,4
DA:76,2
DA:77,1
DA:86,1
DA:88,1
DA:89,1
DA:90,7
DA:91,3
DA:95,1
DA:97,1
DA:98,3
DA:99,2
DA:102,1
DA:103,2
DA:104,0
DA:112,1
DA:113,2
DA:114,0
DA:123,1
DA:126,1
DA:128,1
DA:129,1
DA:130,1
DA:131,1
DA:132,1
DA:133,1
DA:139,1
DA:140,4
DA:141,2
DA:143,1
LF:61
LH:59
end_of_record
SF:lib/widgets/dialogs/add_item_dialog.dart
DA:6,12
DA:8,1
DA:9,1
DA:18,1
DA:20,1
DA:21,2
DA:22,2
DA:25,1
DA:27,2
DA:28,2
DA:29,1
DA:32,1
DA:33,3
DA:34,3
DA:36,4
DA:37,1
DA:40,1
DA:42,2
DA:44,0
DA:45,0
DA:47,0
DA:54,1
DA:56,2
DA:57,2
DA:59,1
DA:60,1
DA:61,1
DA:63,1
DA:64,1
DA:65,2
DA:70,1
DA:71,1
DA:74,1
DA:76,1
DA:78,1
DA:79,1
DA:83,1
DA:84,1
DA:86,4
DA:90,1
DA:92,2
DA:98,1
DA:100,1
DA:101,1
DA:105,1
DA:106,1
DA:110,1
DA:114,1
DA:115,1
DA:116,1
DA:118,2
DA:119,1
DA:123,1
DA:125,0
DA:126,0
DA:127,0
DA:131,1
DA:133,1
DA:135,1
DA:136,1
DA:137,1
DA:139,1
DA:140,2
DA:141,2
DA:146,1
DA:148,1
DA:149,4
DA:152,1
DA:160,1
DA:161,1
DA:162,0
DA:163,1
DA:165,2
DA:168,1
DA:170,1
DA:181,1
DA:188,1
DA:190,1
LF:78
LH:71
end_of_record
SF:lib/widgets/dialogs/edit_item_dialog.dart
DA:9,1
DA:16,1
DA:18,1
DA:19,1
DA:27,1
DA:29,1
DA:30,5
DA:31,6
DA:34,1
DA:36,2
DA:37,2
DA:38,1
DA:41,1
DA:42,3
DA:43,3
DA:45,4
DA:46,3
DA:48,0
DA:49,0
DA:51,0
DA:58,1
DA:60,2
DA:61,2
DA:63,1
DA:64,1
DA:65,1
DA:67,1
DA:68,1
DA:69,2
DA:74,1
DA:75,1
DA:78,1
DA:79,1
DA:81,1
DA:82,1
DA:86,1
DA:87,1
DA:89,4
DA:93,1
DA:95,2
DA:100,1
DA:102,1
DA:103,1
DA:107,1
DA:108,1
DA:112,1
DA:118,1
DA:119,1
DA:120,2
DA:121,1
DA:123,2
DA:126,1
DA:128,1
DA:131,1
DA:132,1
DA:133,1
DA:143,1
DA:152,1
DA:155,2
LF:59
LH:56
end_of_record
SF:lib/screens/voice_assignment_screen.dart
DA:25,0
DA:35,0
DA:36,0
DA:49,0
DA:51,0
DA:52,0
DA:55,0
DA:56,0
DA:57,0
DA:61,0
DA:63,0
DA:64,0
DA:65,0
DA:68,0
DA:70,0
DA:71,0
DA:76,0
DA:77,0
DA:79,0
DA:80,0
DA:82,0
DA:88,0
DA:89,0
DA:92,0
DA:93,0
DA:94,0
DA:95,0
DA:102,0
DA:104,0
DA:105,0
DA:106,0
DA:107,0
DA:109,0
DA:118,0
DA:119,0
DA:120,0
DA:121,0
DA:124,0
DA:125,0
DA:126,0
DA:127,0
DA:128,0
DA:129,0
DA:130,0
DA:135,0
DA:137,0
DA:138,0
DA:139,0
DA:142,0
DA:143,0
DA:144,0
DA:145,0
DA:147,0
DA:148,0
DA:151,0
DA:152,0
DA:154,0
DA:155,0
DA:156,0
DA:158,0
DA:159,0
DA:160,0
DA:161,0
DA:165,0
DA:166,0
DA:169,0
DA:170,0
DA:173,0
DA:174,0
DA:175,0
DA:176,0
DA:179,0
DA:180,0
DA:182,0
DA:183,0
DA:191,0
DA:192,0
DA:193,0
DA:198,0
DA:199,0
DA:201,0
DA:207,0
DA:208,0
DA:211,0
DA:214,0
DA:215,0
DA:219,0
DA:220,0
DA:222,0
DA:223,0
DA:225,0
DA:226,0
DA:227,0
DA:228,0
DA:229,0
DA:230,0
DA:231,0
DA:232,0
DA:234,0
DA:238,0
DA:240,0
DA:245,0
DA:247,0
DA:248,0
DA:250,0
DA:253,0
DA:256,0
DA:257,0
DA:258,0
DA:259,0
DA:260,0
DA:261,0
DA:268,0
DA:270,0
DA:271,0
DA:274,0
DA:275,0
DA:276,0
DA:277,0
DA:279,0
DA:280,0
DA:281,0
DA:283,0
DA:285,0
DA:286,0
DA:287,0
DA:290,0
DA:291,0
DA:292,0
DA:294,0
DA:296,0
DA:298,0
DA:299,0
DA:300,0
DA:301,0
DA:303,0
DA:305,0
DA:307,0
DA:314,0
DA:315,0
DA:316,0
DA:317,0
DA:318,0
DA:321,0
DA:323,0
DA:324,0
DA:326,0
DA:327,0
DA:329,0
DA:333,0
DA:334,0
DA:336,0
DA:338,0
DA:342,0
DA:343,0
DA:344,0
DA:345,0
DA:348,0
DA:349,0
DA:350,0
DA:353,0
DA:359,0
DA:361,0
DA:363,0
DA:364,0
DA:367,0
DA:370,0
DA:371,0
DA:373,0
DA:374,0
DA:381,0
DA:383,0
DA:384,0
DA:387,0
DA:390,0
DA:391,0
DA:393,0
DA:394,0
DA:401,0
DA:403,0
DA:404,0
DA:407,0
DA:410,0
DA:411,0
DA:413,0
DA:414,0
DA:421,0
DA:423,0
DA:424,0
DA:427,0
DA:430,0
DA:431,0
DA:433,0
DA:434,0
DA:441,0
DA:443,0
DA:445,0
DA:454,0
DA:455,0
DA:458,0
DA:460,0
DA:461,0
DA:462,0
DA:463,0
DA:464,0
DA:469,0
DA:470,0
DA:471,0
DA:473,0
DA:475,0
DA:476,0
DA:481,0
DA:482,0
DA:486,0
DA:487,0
DA:489,0
DA:491,0
DA:492,0
DA:494,0
DA:497,0
DA:498,0
DA:499,0
DA:500,0
DA:501,0
DA:503,0
DA:504,0
DA:505,0
DA:506,0
DA:509,0
DA:511,0
DA:512,0
DA:517,0
DA:520,0
DA:522,0
DA:523,0
DA:524,0
DA:528,0
DA:531,0
DA:533,0
DA:534,0
DA:535,0
DA:537,0
DA:540,0
DA:558,0
DA:561,0
DA:562,0
DA:563,0
DA:565,0
DA:567,0
DA:569,0
DA:570,0
DA:571,0
DA:572,0
DA:574,0
DA:576,0
DA:578,0
DA:584,0
DA:591,0
DA:592,0
DA:594,0
DA:596,0
DA:597,0
DA:598,0
DA:599,0
DA:600,0
DA:601,0
DA:603,0
DA:605,0
DA:609,0
DA:611,0
DA:613,0
DA:615,0
DA:624,0
DA:627,0
DA:630,0
DA:631,0
DA:632,0
DA:635,0
DA:636,0
DA:637,0
DA:638,0
DA:639,0
DA:643,0
DA:645,0
DA:648,0
DA:649,0
DA:651,0
DA:653,0
DA:659,0
DA:660,0
DA:661,0
DA:663,0
DA:672,0
DA:674,0
DA:676,0
DA:677,0
DA:678,0
DA:680,0
DA:681,0
DA:682,0
DA:684,0
DA:691,0
DA:692,0
DA:694,0
DA:695,0
DA:696,0
DA:702,0
DA:704,0
DA:705,0
DA:706,0
DA:708,0
DA:716,0
DA:718,0
DA:720,0
DA:721,0
DA:722,0
DA:723,0
DA:728,0
DA:729,0
DA:730,0
DA:731,0
DA:732,0
DA:734,0
DA:739,0
DA:741,0
DA:742,0
DA:743,0
DA:745,0
DA:765,0
DA:766,0
DA:770,0
DA:771,0
DA:774,0
DA:779,0
DA:780,0
LF:335
LH:0
end_of_record
SF:lib/services/audio_transcription_service.dart
DA:18,0
DA:25,0
DA:26,0
DA:27,0
DA:28,0
DA:29,0
DA:30,0
DA:31,0
DA:32,0
DA:36,0
DA:37,0
DA:38,0
DA:39,0
DA:40,0
DA:50,0
DA:57,0
DA:58,0
DA:59,0
DA:60,0
DA:61,0
DA:62,0
DA:63,0
DA:64,0
DA:68,0
DA:69,0
DA:70,0
DA:71,0
DA:72,0
DA:79,0
DA:81,0
DA:82,0
DA:85,0
DA:95,0
DA:97,0
DA:98,0
DA:99,0
DA:100,0
DA:101,0
DA:105,0
DA:106,0
DA:107,0
DA:108,0
DA:116,0
DA:118,0
DA:119,0
DA:120,0
DA:121,0
DA:122,0
DA:123,0
DA:125,0
DA:126,0
DA:131,0
DA:132,0
DA:133,0
DA:143,0
DA:150,0
DA:151,0
DA:152,0
DA:153,0
DA:154,0
DA:155,0
DA:159,0
DA:160,0
DA:161,0
DA:162,0
DA:163,0
DA:175,0
DA:181,0
DA:182,0
DA:183,0
DA:184,0
DA:185,0
DA:186,0
DA:189,0
DA:190,0
DA:191,0
DA:192,0
DA:193,0
DA:196,0
DA:197,0
DA:198,0
DA:199,0
DA:200,0
DA:203,0
DA:210,0
DA:212,0
DA:213,0
DA:214,0
DA:218,0
DA:219,0
DA:231,0
DA:237,0
DA:240,0
DA:241,0
DA:243,0
DA:244,0
DA:248,0
DA:250,0
DA:251,0
DA:255,0
DA:256,0
DA:257,0
DA:260,0
DA:261,0
DA:264,0
DA:265,0
DA:269,0
DA:270,0
DA:274,0
DA:275,0
DA:277,0
DA:280,0
DA:282,0
DA:283,0
DA:285,0
DA:288,0
DA:289,0
DA:292,0
DA:301,0
DA:304,0
DA:305,0
DA:309,0
DA:313,0
DA:314,0
DA:316,0
DA:318,0
DA:320,0
DA:322,0
DA:324,0
DA:326,0
DA:329,0
DA:332,0
DA:338,0
DA:339,0
DA:340,0
DA:341,0
DA:343,0
DA:344,0
DA:345,0
DA:346,0
DA:347,0
DA:349,0
DA:355,0
DA:359,0
DA:360,0
DA:361,0
DA:362,0
DA:363,0
DA:364,0
DA:368,0
LF:150
LH:0
end_of_record
SF:lib/services/firestore_service.dart
DA:20,1
DA:29,0
DA:31,0
DA:32,0
DA:33,0
DA:37,0
DA:45,1
DA:51,1
DA:59,1
DA:60,2
DA:61,4
DA:65,4
DA:66,1
DA:75,0
DA:76,0
DA:79,0
DA:80,0
DA:86,1
DA:87,5
DA:91,1
DA:92,3
DA:97,1
DA:98,2
DA:101,1
DA:104,1
DA:109,1
DA:110,2
DA:111,1
DA:118,0
DA:122,0
DA:125,0
DA:128,0
DA:134,1
DA:140,1
DA:141,0
DA:145,1
DA:146,1
DA:147,0
DA:149,3
DA:153,3
DA:160,3
DA:161,2
DA:162,1
DA:163,3
DA:166,2
DA:170,1
DA:171,1
DA:173,3
DA:174,1
DA:175,3
DA:179,2
DA:180,2
DA:181,3
DA:187,0
DA:193,1
DA:198,1
DA:199,0
DA:203,2
DA:206,1
DA:214,1
DA:219,1
DA:220,0
DA:224,1
DA:225,1
DA:226,0
DA:228,3
DA:232,2
DA:235,3
DA:239,2
DA:241,2
DA:242,1
DA:244,0
DA:250,1
DA:252,3
DA:254,0
DA:261,1
DA:264,7
DA:265,3
DA:267,3
DA:268,1
DA:270,1
DA:277,5
DA:278,3
DA:282,0
DA:289,1
DA:291,1
DA:292,0
DA:294,0
DA:295,0
DA:300,0
DA:301,0
DA:302,0
DA:303,0
DA:304,0
DA:306,0
DA:308,0
DA:309,0
DA:312,0
DA:317,0
DA:320,1
DA:322,0
DA:323,0
DA:324,0
DA:330,3
DA:336,1
DA:339,2
DA:340,1
DA:341,2
DA:344,3
DA:345,3
DA:347,0
DA:353,1
DA:354,1
DA:355,0
DA:356,0
DA:359,3
DA:361,2
DA:362,1
DA:363,3
DA:364,0
DA:366,0
DA:367,0
DA:370,0
DA:374,0
LF:124
LH:78
end_of_record
SF:lib/services/receipt_parser_service.dart
DA:19,0
DA:28,0
DA:29,0
DA:30,0
DA:34,0
DA:39,0
DA:40,0
DA:44,0
DA:49,0
DA:50,0
DA:51,0
DA:52,0
DA:53,0
DA:55,0
DA:56,0
DA:57,0
DA:59,0
DA:60,0
DA:62,0
DA:64,0
DA:87,0
DA:89,0
DA:90,0
DA:96,0
DA:99,0
DA:102,0
DA:103,0
DA:105,0
DA:106,0
DA:108,0
DA:111,0
DA:112,0
DA:113,0
DA:114,0
DA:115,0
DA:117,0
DA:118,0
DA:120,0
DA:122,0
DA:123,0
DA:126,0
DA:127,0
DA:130,0
DA:132,0
DA:133,0
DA:134,0
DA:136,0
DA:137,0
DA:140,0
DA:141,0
DA:145,0
DA:146,0
DA:151,0
DA:152,0
DA:156,0
DA:157,0
DA:158,0
DA:159,0
DA:164,0
DA:166,0
DA:167,0
DA:170,0
DA:171,0
DA:174,0
DA:175,0
DA:176,0
DA:177,0
DA:179,0
DA:180,0
LF:69
LH:0
end_of_record
SF:lib/utils/dialog_helpers.dart
DA:4,0
DA:6,0
DA:7,0
DA:10,0
DA:12,0
DA:15,0
DA:16,0
DA:18,0
DA:20,0
DA:23,0
DA:35,0
DA:36,0
DA:37,0
DA:40,0
DA:41,0
DA:42,0
DA:43,0
DA:45,0
DA:52,0
DA:64,0
DA:65,0
DA:66,0
DA:68,0
DA:69,0
DA:70,0
DA:71,0
DA:72,0
DA:73,0
DA:76,0
DA:77,0
LF:30
LH:0
end_of_record
SF:lib/utils/toast_utils.dart
DA:6,0
DA:7,0
DA:14,0
DA:18,0
DA:22,0
DA:34,0
DA:35,0
DA:36,0
DA:37,0
DA:38,0
DA:39,0
DA:40,0
DA:42,0
DA:49,0
DA:50,0
DA:57,0
LF:16
LH:0
end_of_record
SF:lib/widgets/cards/person_card.dart
DA:11,2
DA:13,2
DA:15,2
DA:16,4
DA:17,4
DA:21,6
DA:22,2
DA:23,2
DA:24,12
DA:28,2
DA:31,2
DA:32,2
DA:33,4
DA:36,2
DA:37,2
DA:38,2
DA:39,2
DA:40,2
DA:42,2
DA:43,2
DA:44,2
DA:46,2
DA:47,2
DA:48,12
DA:49,4
DA:50,2
DA:56,2
DA:57,2
DA:58,2
DA:59,2
DA:60,4
DA:61,4
DA:63,2
DA:66,2
DA:67,0
DA:68,4
DA:69,2
DA:81,2
DA:83,4
DA:86,6
DA:87,2
DA:89,2
DA:90,2
DA:91,2
DA:94,2
DA:97,2
DA:98,2
DA:99,2
DA:100,2
DA:101,16
DA:102,4
DA:103,2
DA:108,2
DA:110,2
DA:111,2
DA:112,2
DA:114,2
DA:115,4
DA:116,4
DA:117,2
DA:128,6
DA:129,2
DA:130,2
DA:131,4
DA:138,2
DA:140,12
DA:145,2
DA:148,2
DA:151,2
DA:152,2
DA:153,2
DA:155,2
DA:156,8
DA:158,4
DA:159,2
DA:170,0
DA:172,0
DA:173,0
DA:174,0
DA:175,0
DA:177,0
DA:179,0
DA:180,0
DA:181,0
DA:182,0
DA:187,0
DA:190,0
DA:191,0
DA:193,0
DA:197,0
DA:198,0
DA:202,0
DA:206,0
DA:208,0
DA:213,0
DA:215,0
DA:216,0
DA:217,0
DA:218,0
DA:219,0
DA:220,0
DA:226,0
DA:227,0
DA:228,0
DA:229,0
DA:231,0
DA:234,0
DA:235,0
DA:236,0
DA:237,0
DA:239,0
DA:242,0
DA:245,0
DA:248,0
DA:250,0
DA:255,0
DA:256,0
DA:257,0
LF:118
LH:74
end_of_record
SF:lib/widgets/shared/item_row.dart
DA:11,2
DA:13,2
DA:15,2
DA:16,4
DA:17,4
DA:20,0
DA:21,0
DA:22,0
DA:23,0
DA:24,0
DA:31,2
DA:33,2
DA:34,2
DA:35,2
DA:36,2
DA:37,4
DA:38,4
DA:39,2
DA:46,2
DA:47,0
DA:48,2
DA:49,8
DA:50,4
DA:51,2
DA:56,2
DA:57,2
DA:58,0
LF:27
LH:20
end_of_record
SF:lib/widgets/cards/shared_item_card.dart
DA:10,1
DA:12,1
DA:14,1
DA:15,2
DA:16,2
DA:17,3
DA:20,0
DA:21,0
DA:22,0
DA:23,0
DA:24,0
DA:31,1
DA:34,1
DA:35,1
DA:36,2
DA:39,1
DA:40,1
DA:41,1
DA:43,1
DA:46,1
DA:47,1
DA:49,1
DA:50,2
DA:51,2
DA:60,1
DA:63,1
DA:65,1
DA:66,0
DA:67,1
DA:68,6
DA:69,2
DA:70,1
DA:74,1
DA:75,1
DA:76,0
DA:77,0
DA:83,2
DA:86,1
DA:88,2
DA:89,1
DA:94,1
DA:95,0
DA:97,0
DA:99,0
DA:100,0
DA:104,1
DA:107,2
DA:108,3
DA:109,1
DA:110,2
DA:112,0
DA:114,0
DA:116,0
DA:117,0
DA:118,0
DA:119,0
DA:120,0
DA:121,0
DA:122,0
DA:126,1
DA:127,1
DA:128,1
DA:130,1
DA:131,0
DA:137,1
DA:143,1
DA:146,1
DA:148,1
DA:149,1
DA:150,1
DA:152,1
DA:153,4
DA:154,2
DA:155,1
LF:74
LH:52
end_of_record
SF:lib/widgets/shared/quantity_selector.dart
DA:13,3
DA:21,3
DA:23,3
DA:24,6
DA:25,6
DA:27,0
DA:28,0
DA:29,0
DA:30,0
DA:31,0
DA:38,3
DA:40,3
DA:42,3
DA:43,6
DA:44,3
DA:46,3
DA:48,3
DA:50,3
DA:52,3
DA:53,9
DA:55,3
DA:58,3
DA:59,9
DA:64,3
DA:67,9
DA:69,2
DA:75,3
DA:76,3
DA:77,3
DA:81,3
DA:82,9
DA:83,6
DA:85,3
DA:91,3
DA:93,3
DA:94,3
DA:95,0
DA:96,0
DA:97,0
DA:98,0
DA:100,0
DA:101,0
DA:102,0
DA:104,0
DA:105,0
DA:106,0
DA:108,0
DA:115,3
DA:118,3
DA:119,9
DA:124,3
DA:127,9
DA:129,6
LF:53
LH:37
end_of_record
SF:lib/widgets/cards/unassigned_item_card.dart
DA:14,1
DA:16,1
DA:18,1
DA:19,2
DA:20,2
DA:22,1
DA:25,1
DA:26,1
DA:27,2
DA:30,1
DA:31,1
DA:32,1
DA:34,1
DA:37,1
DA:38,1
DA:40,1
DA:41,2
DA:42,2
DA:51,1
DA:54,1
DA:55,1
DA:56,1
DA:57,6
DA:58,2
DA:59,1
DA:63,1
DA:65,1
DA:67,1
DA:68,2
DA:70,0
DA:76,1
DA:77,2
DA:79,0
DA:88,2
DA:91,1
DA:92,0
DA:95,1
DA:103,1
DA:106,1
DA:108,1
DA:109,1
DA:110,1
DA:112,1
DA:113,4
DA:114,2
DA:115,1
DA:126,0
DA:127,0
DA:129,0
DA:131,0
DA:134,0
DA:136,0
DA:139,0
DA:141,0
DA:142,0
DA:143,0
DA:146,0
DA:147,0
DA:148,0
DA:150,0
DA:151,0
DA:152,0
DA:157,0
DA:158,0
DA:161,0
DA:162,0
DA:163,0
DA:165,0
DA:166,0
DA:167,0
DA:176,0
DA:177,0
DA:178,0
DA:186,0
DA:188,0
DA:189,0
DA:190,0
DA:192,0
DA:199,0
DA:200,0
DA:201,0
DA:203,0
DA:206,0
DA:208,0
DA:209,0
DA:210,0
DA:212,0
DA:214,0
DA:215,0
DA:217,0
DA:227,0
DA:229,0
DA:230,0
DA:232,0
DA:234,0
DA:235,0
DA:236,0
DA:237,0
DA:238,0
DA:239,0
DA:242,0
DA:243,0
DA:244,0
DA:245,0
DA:255,0
DA:257,0
DA:258,0
DA:259,0
DA:261,0
DA:262,0
DA:264,0
DA:265,0
DA:266,0
DA:268,0
DA:271,0
DA:272,0
DA:273,0
DA:276,0
DA:280,0
DA:281,0
DA:282,0
DA:283,0
DA:285,0
DA:286,0
DA:288,0
DA:289,0
DA:293,0
DA:295,0
DA:296,0
DA:297,0
DA:301,0
DA:303,0
DA:304,0
DA:320,0
DA:322,0
DA:324,0
DA:329,0
DA:330,0
DA:331,0
DA:332,0
DA:334,0
DA:336,0
DA:337,0
DA:339,0
DA:341,0
DA:345,0
DA:347,0
DA:354,0
DA:362,0
DA:363,0
DA:364,0
DA:365,0
DA:367,0
DA:369,0
DA:370,0
DA:372,0
DA:373,0
DA:374,0
DA:379,0
DA:382,0
DA:383,0
DA:385,0
DA:388,0
DA:390,0
DA:392,0
DA:393,0
DA:394,0
DA:396,0
DA:397,0
DA:398,0
DA:399,0
DA:403,0
DA:404,0
DA:405,0
DA:406,0
DA:407,0
DA:428,0
DA:430,0
DA:431,0
DA:432,0
DA:433,0
DA:436,0
DA:443,0
DA:444,0
DA:445,0
DA:447,0
DA:448,0
DA:451,0
DA:453,0
DA:456,0
DA:458,0
DA:459,0
DA:460,0
DA:462,0
DA:464,0
DA:465,0
DA:467,0
DA:471,0
DA:473,0
DA:475,0
DA:483,0
DA:484,0
DA:485,0
DA:490,0
DA:493,0
DA:494,0
DA:496,0
DA:499,0
DA:508,0
DA:510,0
DA:511,0
DA:513,0
DA:515,0
DA:516,0
DA:517,0
DA:518,0
DA:519,0
DA:520,0
DA:523,0
DA:524,0
DA:525,0
DA:526,0
DA:536,0
DA:538,0
DA:539,0
DA:540,0
DA:542,0
DA:543,0
DA:545,0
DA:546,0
DA:547,0
DA:549,0
DA:552,0
DA:553,0
DA:554,0
DA:557,0
DA:561,0
DA:562,0
DA:563,0
DA:564,0
DA:566,0
DA:567,0
DA:569,0
DA:570,0
DA:574,0
DA:576,0
DA:577,0
DA:578,0
DA:582,0
DA:584,0
DA:585,0
DA:601,0
DA:603,0
DA:605,0
DA:606,0
DA:608,0
DA:611,0
DA:612,0
DA:613,0
DA:616,0
DA:619,0
DA:621,0
DA:622,0
DA:626,0
DA:627,0
DA:629,0
DA:630,0
DA:631,0
DA:633,0
DA:634,0
DA:635,0
DA:636,0
DA:648,0
DA:650,0
DA:653,0
DA:654,0
DA:655,0
DA:657,0
DA:658,0
DA:659,0
DA:661,0
DA:665,0
DA:666,0
DA:668,0
DA:669,0
DA:679,0
DA:680,0
DA:681,0
DA:683,0
DA:685,0
DA:686,0
DA:688,0
DA:690,0
DA:694,0
DA:696,0
DA:704,0
DA:705,0
DA:713,0
DA:714,0
DA:715,0
DA:716,0
DA:718,0
DA:721,0
DA:722,0
DA:723,0
DA:724,0
DA:725,0
DA:727,0
DA:729,0
DA:735,0
DA:737,0
DA:738,0
DA:739,0
DA:742,0
DA:743,0
DA:746,0
DA:747,0
DA:748,0
DA:752,0
DA:753,0
DA:754,0
DA:755,0
DA:757,0
DA:758,0
DA:780,0
DA:781,0
DA:783,0
DA:785,0
DA:786,0
DA:787,0
DA:788,0
DA:793,0
DA:794,0
DA:795,0
DA:796,0
DA:799,0
DA:800,0
DA:801,0
DA:802,0
DA:806,0
DA:807,0
DA:808,0
DA:816,0
DA:817,0
DA:818,0
DA:819,0
DA:820,0
DA:821,0
DA:823,0
DA:825,0
DA:826,0
DA:827,0
DA:828,0
DA:833,0
DA:834,0
DA:835,0
DA:836,0
DA:839,0
DA:841,0
DA:843,0
DA:845,0
DA:846,0
DA:854,0
DA:856,0
DA:859,0
DA:860,0
DA:864,0
DA:865,0
DA:871,0
DA:873,0
DA:874,0
DA:875,0
DA:876,0
DA:877,0
DA:879,0
DA:880,0
DA:882,0
DA:884,0
DA:885,0
DA:886,0
DA:890,0
DA:892,0
DA:893,0
DA:904,0
DA:905,0
DA:906,0
DA:907,0
DA:909,0
DA:912,0
DA:913,0
DA:915,0
DA:916,0
DA:918,0
DA:919,0
DA:922,0
DA:925,0
DA:926,0
DA:930,0
DA:931,0
DA:932,0
DA:933,0
DA:939,0
DA:943,0
DA:944,0
DA:945,0
LF:405
LH:43
end_of_record
SF:lib/widgets/shared/editable_price.dart
DA:7,0
DA:13,0
DA:15,0
DA:16,0
DA:17,0
DA:18,0
DA:19,0
DA:24,0
DA:25,0
DA:26,0
DA:28,0
DA:30,0
DA:39,0
DA:40,0
DA:41,0
DA:44,0
DA:45,0
DA:46,0
DA:47,0
DA:48,0
DA:49,0
LF:21
LH:0
end_of_record
SF:lib/widgets/workflow_steps/upload_step_widget.dart
DA:15,0
DA:25,0
DA:27,0
DA:34,0
DA:35,0
DA:36,0
DA:37,0
DA:38,0
DA:39,0
DA:40,0
DA:41,0
DA:42,0
LF:12
LH:0
end_of_record
SF:lib/widgets/workflow_steps/review_step_widget.dart
DA:12,0
DA:18,0
DA:20,0
DA:23,0
DA:24,0
DA:25,0
DA:26,0
DA:27,0
LF:8
LH:0
end_of_record
SF:lib/widgets/workflow_steps/assign_step_widget.dart
DA:13,0
DA:21,0
DA:23,0
DA:25,0
DA:26,0
DA:27,0
DA:28,0
DA:29,0
DA:30,0
DA:31,0
DA:32,0
LF:11
LH:0
end_of_record
SF:lib/widgets/workflow_steps/split_step_widget.dart
DA:22,1
DA:33,1
DA:35,1
DA:36,1
DA:37,2
DA:38,1
DA:39,0
DA:40,2
DA:41,1
DA:42,3
DA:44,1
DA:45,1
DA:46,2
DA:47,2
DA:49,1
DA:50,1
DA:51,1
DA:54,1
DA:55,1
DA:56,2
DA:57,1
DA:58,0
DA:59,2
DA:60,1
DA:61,1
DA:62,2
DA:63,2
DA:65,1
DA:68,1
DA:69,1
DA:70,2
DA:71,1
DA:72,0
DA:73,2
DA:74,1
DA:75,1
DA:76,2
DA:77,2
DA:79,1
DA:82,1
DA:83,1
DA:84,3
DA:85,1
DA:86,0
DA:89,1
DA:91,2
DA:92,2
DA:93,2
DA:94,2
DA:97,2
DA:98,5
DA:100,4
DA:101,2
DA:102,4
DA:103,2
DA:104,7
DA:105,2
DA:108,4
DA:109,2
DA:110,7
DA:111,2
DA:113,4
DA:114,2
DA:115,7
DA:116,2
DA:118,4
DA:123,2
DA:124,2
DA:125,1
DA:127,2
DA:128,1
DA:129,1
DA:131,1
DA:133,1
DA:134,5
DA:135,0
DA:137,2
DA:139,2
DA:140,2
DA:141,4
DA:142,4
DA:143,1
DA:148,1
DA:152,4
DA:153,4
DA:154,3
DA:157,2
DA:158,2
DA:160,1
DA:161,3
DA:162,1
DA:163,1
DA:165,2
DA:166,2
DA:167,0
DA:170,2
DA:177,2
DA:180,1
DA:181,1
DA:182,1
DA:184,2
DA:185,2
DA:186,2
DA:189,1
DA:190,1
DA:191,1
DA:192,0
DA:197,1
LF:108
LH:101
end_of_record
SF:lib/widgets/workflow_steps/summary_step_widget.dart
DA:18,1
DA:25,1
DA:28,1
DA:29,1
DA:30,1
DA:33,3
DA:34,3
DA:35,1
DA:36,2
DA:42,3
DA:43,3
DA:44,1
DA:45,1
DA:46,1
DA:47,2
DA:48,3
DA:49,1
DA:50,2
DA:54,1
DA:60,3
DA:61,3
DA:62,1
DA:63,2
DA:64,2
DA:65,1
DA:66,4
DA:67,4
DA:70,2
DA:71,1
DA:77,1
DA:84,1
DA:85,1
DA:86,3
DA:87,3
DA:88,1
DA:89,2
DA:96,1
DA:97,1
DA:98,3
DA:99,3
DA:100,1
DA:101,2
DA:108,1
DA:111,2
DA:112,5
DA:113,4
DA:114,5
DA:118,5
DA:119,4
DA:120,3
DA:121,3
DA:122,1
DA:123,6
DA:129,5
DA:130,4
DA:131,1
DA:132,6
DA:136,5
DA:137,4
DA:138,1
DA:139,6
DA:143,4
DA:146,2
DA:147,2
DA:148,2
DA:150,1
DA:154,1
DA:155,1
DA:156,3
DA:162,1
LF:70
LH:70
end_of_record
SF:lib/widgets/workflow_steps/workflow_step_indicator.dart
DA:7,2
DA:11,2
DA:13,2
DA:15,4
DA:18,2
DA:20,2
DA:21,6
DA:22,2
DA:23,2
DA:24,2
DA:30,2
DA:32,2
DA:34,2
DA:36,2
DA:37,8
DA:38,2
DA:40,4
DA:41,2
DA:42,4
DA:43,4
DA:45,2
DA:48,2
DA:51,6
DA:53,6
DA:54,6
DA:55,2
DA:57,6
DA:58,6
DA:63,2
DA:66,6
DA:72,2
DA:73,4
DA:75,2
DA:79,6
DA:80,6
DA:88,2
DA:90,2
DA:91,4
DA:92,4
DA:95,2
DA:96,4
DA:98,2
DA:100,4
DA:101,4
DA:102,6
DA:103,6
LF:46
LH:46
end_of_record
SF:lib/widgets/workflow_steps/workflow_navigation_controls.dart
DA:18,2
DA:24,2
DA:26,2
DA:30,2
DA:31,2
DA:32,2
DA:35,3
DA:37,3
DA:39,3
DA:45,2
DA:47,2
DA:48,6
DA:49,2
DA:50,2
DA:51,2
DA:57,2
DA:59,2
DA:61,2
DA:63,2
DA:64,2
DA:71,2
DA:72,1
DA:74,1
DA:77,2
DA:79,2
DA:84,3
DA:85,1
DA:88,2
DA:93,2
DA:94,2
DA:96,2
LF:31
LH:31
end_of_record
